<?xml version="1.0" encoding="UTF-8"?>
<testng-results ignored="0" total="1" passed="1" failed="0" skipped="0">
  <reporter-output>
  </reporter-output>
  <suite started-at="2024-05-01T21:23:02 YEKT" name="Surefire suite" finished-at="2024-05-01T21:23:02 YEKT" duration-ms="56">
    <groups>
    </groups>
    <test started-at="2024-05-01T21:23:02 YEKT" name="Surefire test" finished-at="2024-05-01T21:23:02 YEKT" duration-ms="56">
      <class name="com.example.AppTest">
        <test-method signature="shouldAnswerWithTrue()" started-at="2024-05-01T21:23:02 YEKT" name="shouldAnswerWithTrue" finished-at="2024-05-01T21:23:02 YEKT" duration-ms="14" status="PASS">
          <reporter-output>
          </reporter-output>
        </test-method> <!-- shouldAnswerWithTrue -->
      </class> <!-- com.example.AppTest -->
    </test> <!-- Surefire test -->
  </suite> <!-- Surefire suite -->
</testng-results>
