<?xml version="1.0" encoding="UTF-8"?>
<!-- Generated by org.testng.reporters.JUnitXMLReporter -->
<testsuite ignored="0" hostname="LAPTOP-PETR-POLIAKOV" failures="0" tests="10" name="Surefire test" time="0.044" errors="0" timestamp="2024-03-04T11:25:00 YEKT">
  <testcase classname="BuyerTest" name="testBuyItem" time="0.006"/>
  <testcase classname="BuyerTest" name="testBuyItemWithEnoughMoney" time="0.0"/>
  <testcase classname="BuyerTest" name="testBuyItemWithoutEnoughMoney" time="0.0"/>
  <testcase classname="BuyerTest" name="testDisplayInventory" time="0.0"/>
  <testcase classname="SellerTest" name="testDisplayInventory" time="0.001"/>
  <testcase classname="SellerTest" name="testSellItem" time="0.0"/>
  <testcase classname="WeaponInventoryTest" name="testBuyerBuyItem" time="0.004"/>
  <testcase classname="WeaponInventoryTest" name="testBuyerCannotSellItem" time="0.001"/>
  <testcase classname="WeaponInventoryTest" name="testSellerCannotBuyItem" time="0.0"/>
  <testcase classname="WeaponInventoryTest" name="testSellerSellItem" time="0.0"/>
</testsuite> <!-- Surefire test -->
