<?xml version="1.0" encoding="UTF-8"?>
<!-- Generated by org.testng.reporters.JUnitXMLReporter -->
<testsuite ignored="0" hostname="LAPTOP-PETR-POLIAKOV" failures="0" tests="5" name="Surefire test" time="0.034" errors="0" timestamp="2024-03-03T15:26:58 YEKT">
  <testcase classname="CalculatorTest" name="testAdd" time="0.008"/>
  <testcase classname="CalculatorTest" name="testDivide" time="0.0"/>
  <testcase classname="CalculatorTest" name="testDivideByZero" time="0.001"/>
  <testcase classname="CalculatorTest" name="testMultiply" time="0.0"/>
  <testcase classname="CalculatorTest" name="testSubtract" time="0.001"/>
</testsuite> <!-- Surefire test -->
