<?xml version="1.0" encoding="UTF-8"?>
<!-- Generated by org.testng.reporters.JUnitXMLReporter -->
<testsuite ignored="4" hostname="LAPTOP-PETR-POLIAKOV" failures="0" tests="8" name="MixedTests" time="0.041" errors="0" timestamp="2024-03-04T12:45:21 YEKT">
  <testcase classname="SellerTest" name="testInventory" time="0.006"/>
  <testcase classname="SellerTest" name="testSellItem" time="0.0"/>
  <testcase classname="BuyerTest" name="testBuyItem" time="0.001"/>
  <testcase classname="BuyerTest" name="testBuyItemWithEnoughMoney" time="0.003"/>
  <testcase classname="BuyerTest" name="testBuyItemWithEnoughMoney" time="0.0"/>
  <testcase classname="BuyerTest" name="testBuyItemWithEnoughMoney" time="0.0"/>
  <testcase classname="BuyerTest" name="testBuyItemWithoutEnoughMoney" time="0.0"/>
  <testcase classname="BuyerTest" name="testDisplayInventory" time="0.001"/>
  <testcase classname="WeaponInventoryTest" name="testBuyerBuyItem" time="0.0">
    <ignored/>
  </testcase> <!-- testBuyerBuyItem -->
  <testcase classname="WeaponInventoryTest" name="testSellerSellItem" time="0.0">
    <ignored/>
  </testcase> <!-- testSellerSellItem -->
  <testcase classname="WeaponInventoryTest" name="testBuyerCannotSellItem" time="0.0">
    <ignored/>
  </testcase> <!-- testBuyerCannotSellItem -->
  <testcase classname="WeaponInventoryTest" name="testSellerCannotBuyItem" time="0.0">
    <ignored/>
  </testcase> <!-- testSellerCannotBuyItem -->
</testsuite> <!-- MixedTests -->
