<?xml version="1.0" encoding="UTF-8"?>
<testng-results ignored="0" total="1" passed="1" failed="0" skipped="0">
  <reporter-output>
  </reporter-output>
  <suite started-at="2024-03-03T14:35:18 YEKT" name="Surefire suite" finished-at="2024-03-03T14:35:18 YEKT" duration-ms="28">
    <groups>
    </groups>
    <test started-at="2024-03-03T14:35:18 YEKT" name="Surefire test" finished-at="2024-03-03T14:35:18 YEKT" duration-ms="28">
      <class name="CalculatorTest">
        <test-method signature="testAdd()[pri:0, instance:CalculatorTest@2b546384]" started-at="2024-03-03T14:35:18 YEKT" name="testAdd" finished-at="2024-03-03T14:35:18 YEKT" duration-ms="4" status="PASS">
          <reporter-output>
          </reporter-output>
        </test-method> <!-- testAdd -->
      </class> <!-- CalculatorTest -->
    </test> <!-- Surefire test -->
  </suite> <!-- Surefire suite -->
</testng-results>
