<?xml version="1.0" encoding="UTF-8"?>
<testsuite xmlns:xsi="http://www.w3.org/2001/XMLSchema-instance" xsi:noNamespaceSchemaLocation="https://maven.apache.org/surefire/maven-surefire-plugin/xsd/surefire-test-report-3.0.xsd" version="3.0" name="WeaponInventoryTest" time="0.325" tests="4" errors="0" skipped="0" failures="0">
  <properties>
[...]
</properties>
  <testcase name="testBuyerBuyItem" classname="WeaponInventoryTest" time="0.013">
    <system-out><![CDATA[Оружие Пистолет куплено за 200.0.
]]></system-out>
    <system-err><![CDATA[SLF4J: Failed to load class "org.slf4j.impl.StaticLoggerBinder".
SLF4J: Defaulting to no-operation (NOP) logger implementation
SLF4J: See http://www.slf4j.org/codes.html#StaticLoggerBinder for further details.
]]></system-err>
  </testcase>
  <testcase name="testBuyerCannotSellItem" classname="WeaponInventoryTest" time="0.001">
    <system-out><![CDATA[Покупатель не может продавать оружие.
]]></system-out>
  </testcase>
  <testcase name="testSellerCannotBuyItem" classname="WeaponInventoryTest" time="0.001">
    <system-out><![CDATA[Продавец не может покупать оружие.
]]></system-out>
  </testcase>
  <testcase name="testSellerSellItem" classname="WeaponInventoryTest" time="0.001">
    <system-out><![CDATA[Оружие Пистолет продано за 200.0.
]]></system-out>
  </testcase>
</testsuite>