<?xml version="1.0" encoding="UTF-8"?>
<testng-results ignored="4" total="12" passed="8" failed="0" skipped="0">
  <reporter-output>
  </reporter-output>
  <suite started-at="2024-03-04T12:45:21 YEKT" name="MixedTests" finished-at="2024-03-04T12:45:21 YEKT" duration-ms="75">
    <groups>
      <group name="unit">
        <method signature="BuyerTest.testBuyItem()[pri:0, instance:BuyerTest@161479c6]" name="testBuyItem" class="BuyerTest"/>
        <method signature="BuyerTest.testBuyItemWithEnoughMoney(double,double,double)[pri:0, instance:BuyerTest@161479c6]" name="testBuyItemWithEnoughMoney" class="BuyerTest"/>
        <method signature="BuyerTest.testBuyItemWithoutEnoughMoney()[pri:0, instance:BuyerTest@161479c6]" name="testBuyItemWithoutEnoughMoney" class="BuyerTest"/>
        <method signature="BuyerTest.testDisplayInventory()[pri:0, instance:BuyerTest@161479c6]" name="testDisplayInventory" class="BuyerTest"/>
        <method signature="SellerTest.testInventory()[pri:0, instance:SellerTest@75329a49]" name="testInventory" class="SellerTest"/>
        <method signature="SellerTest.testSellItem()[pri:0, instance:SellerTest@75329a49]" name="testSellItem" class="SellerTest"/>
      </group> <!-- unit -->
    </groups>
    <test started-at="2024-03-04T12:45:21 YEKT" name="MixedTests" finished-at="2024-03-04T12:45:21 YEKT" duration-ms="41">
      <class name="BuyerTest">
        <test-method signature="testBuyItem()[pri:0, instance:BuyerTest@161479c6]" started-at="2024-03-04T12:45:21 YEKT" name="testBuyItem" finished-at="2024-03-04T12:45:21 YEKT" duration-ms="1" status="PASS">
          <reporter-output>
          </reporter-output>
        </test-method> <!-- testBuyItem -->
        <test-method signature="testBuyItemWithEnoughMoney(double,double,double)[pri:0, instance:BuyerTest@161479c6]" started-at="2024-03-04T12:45:21 YEKT" name="testBuyItemWithEnoughMoney" data-provider="buyItemData" finished-at="2024-03-04T12:45:21 YEKT" duration-ms="3" status="PASS">
          <params>
            <param index="0">
              <value>
                <![CDATA[1000]]>
              </value>
            </param>
            <param index="1">
              <value>
                <![CDATA[200]]>
              </value>
            </param>
            <param index="2">
              <value>
                <![CDATA[800.0]]>
              </value>
            </param>
          </params>
          <reporter-output>
          </reporter-output>
        </test-method> <!-- testBuyItemWithEnoughMoney -->
        <test-method signature="testBuyItemWithEnoughMoney(double,double,double)[pri:0, instance:BuyerTest@161479c6]" started-at="2024-03-04T12:45:21 YEKT" name="testBuyItemWithEnoughMoney" data-provider="buyItemData" finished-at="2024-03-04T12:45:21 YEKT" duration-ms="0" status="PASS">
          <params>
            <param index="0">
              <value>
                <![CDATA[800]]>
              </value>
            </param>
            <param index="1">
              <value>
                <![CDATA[200]]>
              </value>
            </param>
            <param index="2">
              <value>
                <![CDATA[600.0]]>
              </value>
            </param>
          </params>
          <reporter-output>
          </reporter-output>
        </test-method> <!-- testBuyItemWithEnoughMoney -->
        <test-method signature="testBuyItemWithEnoughMoney(double,double,double)[pri:0, instance:BuyerTest@161479c6]" started-at="2024-03-04T12:45:21 YEKT" name="testBuyItemWithEnoughMoney" data-provider="buyItemData" finished-at="2024-03-04T12:45:21 YEKT" duration-ms="0" status="PASS">
          <params>
            <param index="0">
              <value>
                <![CDATA[400]]>
              </value>
            </param>
            <param index="1">
              <value>
                <![CDATA[200]]>
              </value>
            </param>
            <param index="2">
              <value>
                <![CDATA[200.0]]>
              </value>
            </param>
          </params>
          <reporter-output>
          </reporter-output>
        </test-method> <!-- testBuyItemWithEnoughMoney -->
        <test-method signature="testBuyItemWithoutEnoughMoney()[pri:0, instance:BuyerTest@161479c6]" started-at="2024-03-04T12:45:21 YEKT" name="testBuyItemWithoutEnoughMoney" finished-at="2024-03-04T12:45:21 YEKT" duration-ms="0" status="PASS">
          <reporter-output>
          </reporter-output>
        </test-method> <!-- testBuyItemWithoutEnoughMoney -->
        <test-method signature="testDisplayInventory()[pri:0, instance:BuyerTest@161479c6]" started-at="2024-03-04T12:45:21 YEKT" name="testDisplayInventory" finished-at="2024-03-04T12:45:21 YEKT" duration-ms="1" status="PASS">
          <reporter-output>
          </reporter-output>
        </test-method> <!-- testDisplayInventory -->
      </class> <!-- BuyerTest -->
      <class name="SellerTest">
        <test-method signature="testInventory()[pri:0, instance:SellerTest@75329a49]" started-at="2024-03-04T12:45:21 YEKT" name="testInventory" finished-at="2024-03-04T12:45:21 YEKT" duration-ms="6" status="PASS">
          <reporter-output>
          </reporter-output>
        </test-method> <!-- testInventory -->
        <test-method signature="testSellItem()[pri:0, instance:SellerTest@75329a49]" started-at="2024-03-04T12:45:21 YEKT" name="testSellItem" finished-at="2024-03-04T12:45:21 YEKT" duration-ms="0" status="PASS">
          <reporter-output>
          </reporter-output>
        </test-method> <!-- testSellItem -->
      </class> <!-- SellerTest -->
    </test> <!-- MixedTests -->
    <test started-at="2024-03-04T12:45:21 YEKT" name="PackageTests" finished-at="2024-03-04T12:45:21 YEKT" duration-ms="0">
    </test> <!-- PackageTests -->
  </suite> <!-- MixedTests -->
</testng-results>
