<?xml version="1.0" encoding="UTF-8"?>
<!-- Generated by org.testng.reporters.JUnitReportReporter -->
<testsuite hostname="LAPTOP-PETR-POLIAKOV" failures="0" tests="4" name="WeaponInventoryTest" time="0.003" errors="0" timestamp="2024-03-03T16:12:11 YEKT" skipped="0">
  <testcase classname="WeaponInventoryTest" name="testBuyerBuyItem" time="0.003"/>
  <system-out/>
  <testcase classname="WeaponInventoryTest" name="testSellerSellItem" time="0.000"/>
  <system-out/>
  <testcase classname="WeaponInventoryTest" name="testBuyerCannotSellItem" time="0.000"/>
  <system-out/>
  <testcase classname="WeaponInventoryTest" name="testSellerCannotBuyItem" time="0.000"/>
  <system-out/>
</testsuite> <!-- WeaponInventoryTest -->
